<?xml version="1.0" encoding="UTF-8"?>
<!-- Generated by org.testng.reporters.JUnitReportReporter -->
<testsuite skipped="0" hostname="DESKTOP-K0A3VPP" name="TestCase.RegisterTest" tests="2" failures="0" timestamp="2023-03-01T15:09:01 IST" time="53.080" errors="0">
  <testcase name="Registration" time="34.616" classname="TestCase.RegisterTest"/>
  <system-out/>
  <testcase name="Registration" time="18.464" classname="TestCase.RegisterTest"/>
  <system-out/>
</testsuite> <!-- TestCase.RegisterTest -->
