<?xml version="1.0" encoding="UTF-8"?>
<!-- Generated by org.testng.reporters.JUnitReportReporter -->
<testsuite skipped="0" hostname="DESKTOP-K0A3VPP" name="TestCase.LoginTest" tests="2" failures="0" timestamp="2023-03-01T14:51:18 IST" time="18.228" errors="0">
  <testcase name="verifyLogin" time="11.951" classname="TestCase.LoginTest"/>
  <system-out/>
  <testcase name="verifyLogin" time="6.277" classname="TestCase.LoginTest"/>
  <system-out/>
</testsuite> <!-- TestCase.LoginTest -->
