<?xml version="1.0" encoding="UTF-8"?>
<!-- Generated by org.testng.reporters.JUnitReportReporter -->
<testsuite skipped="0" hostname="DESKTOP-K0A3VPP" name="TestCase.LoginNegative" tests="2" failures="0" timestamp="2023-02-26T19:40:49 IST" time="17.045" errors="0">
  <testcase name="loginInValidCustomer" time="6.390" classname="TestCase.LoginNegative"/>
  <system-out/>
  <testcase name="loginInvalidAdmin" time="10.655" classname="TestCase.LoginNegative"/>
  <system-out/>
</testsuite> <!-- TestCase.LoginNegative -->
