<?xml version="1.0" encoding="UTF-8"?>
<!-- Generated by org.testng.reporters.JUnitReportReporter -->
<testsuite skipped="0" hostname="DESKTOP-K0A3VPP" name="testCases.RegisterTest" tests="2" failures="0" timestamp="2023-03-01T23:49:25 IST" time="20.949" errors="0">
  <testcase name="Registration" time="12.875" classname="testCases.RegisterTest"/>
  <system-out/>
  <testcase name="Registration" time="8.074" classname="testCases.RegisterTest"/>
  <system-out/>
</testsuite> <!-- TestCase.RegisterTest -->
